<?xml version="1.0" encoding="UTF-8"?>
<!-- Generated by org.testng.reporters.JUnitXMLReporter -->
<testsuite hostname="Emin-MacBook-Air.local" ignored="2" name="Test" tests="1" failures="0" timestamp="08 Jun 2019 02:55:01 GMT" time="9.973" errors="0">
  <testcase name="userInformation" time="5.181" classname="class3.NewtoursExample"/>
  <testcase name="contactInformation" time="0.0" classname="class3.NewtoursExample">
    <ignored/>
  </testcase> <!-- contactInformation -->
  <testcase name="mailingInformation" time="0.0" classname="class3.NewtoursExample">
    <ignored/>
  </testcase> <!-- mailingInformation -->
</testsuite> <!-- Test -->
