<?xml version="1.0" encoding="UTF-8"?>
<!-- Generated by org.testng.reporters.JUnitXMLReporter -->
<testsuite hostname="Emin-MacBook-Air.local" ignored="0" name="Two" tests="4" failures="0" timestamp="06 Jun 2019 22:28:58 GMT" time="0.102" errors="0">
  <testcase name="Four" time="0.017" classname="class3.MethodsExample"/>
  <testcase name="One" time="0.002" classname="class3.MethodsExample"/>
  <testcase name="Three" time="0.003" classname="class3.MethodsExample"/>
  <testcase name="Two" time="0.003" classname="class3.MethodsExample"/>
</testsuite> <!-- Two -->
