<?xml version="1.0" encoding="UTF-8"?>
<!-- Generated by org.testng.reporters.JUnitXMLReporter -->
<testsuite hostname="Emin-MacBook-Air.local" ignored="0" name="melekk" tests="3" failures="0" timestamp="06 Jun 2019 22:16:16 GMT" time="0.099" errors="0">
  <testcase name="one" time="0.017" classname="class3.DependsOnMethods"/>
  <testcase name="two" time="0.003" classname="class3.DependsOnMethods"/>
  <testcase name="three" time="0.002" classname="class3.DependsOnMethods"/>
</testsuite> <!-- melekk -->
