<?xml version="1.0" encoding="UTF-8"?>
<!-- Generated by org.testng.reporters.JUnitXMLReporter -->
<testsuite hostname="Emin-MacBook-Air.local" ignored="0" name="mustafa" tests="4" failures="0" timestamp="06 Jun 2019 22:07:25 GMT" time="0.097" errors="0">
  <testcase name="Four" time="0.016" classname="class3.GroupsExample"/>
  <testcase name="Three" time="0.004" classname="class3.GroupsExample"/>
  <testcase name="Two" time="0.004" classname="class3.GroupsExample"/>
  <testcase name="one" time="0.002" classname="class3.GroupsExample"/>
</testsuite> <!-- mustafa -->
